Determining if the pthread_create exist failed with the following output:
Change Dir: /home/dombozzuto/rbe3002/build/CMakeFiles/CMakeTmp

Run Build Command:/usr/bin/make "cmTryCompileExec351615542/fast"
/usr/bin/make -f CMakeFiles/cmTryCompileExec351615542.dir/build.make CMakeFiles/cmTryCompileExec351615542.dir/build
make[1]: Entering directory `/home/dombozzuto/rbe3002/build/CMakeFiles/CMakeTmp'
/usr/bin/cmake -E cmake_progress_report /home/dombozzuto/rbe3002/build/CMakeFiles/CMakeTmp/CMakeFiles 1
Building C object CMakeFiles/cmTryCompileExec351615542.dir/CheckSymbolExists.c.o
/usr/bin/cc    -o CMakeFiles/cmTryCompileExec351615542.dir/CheckSymbolExists.c.o   -c /home/dombozzuto/rbe3002/build/CMakeFiles/CMakeTmp/CheckSymbolExists.c
Linking C executable cmTryCompileExec351615542
/usr/bin/cmake -E cmake_link_script CMakeFiles/cmTryCompileExec351615542.dir/link.txt --verbose=1
/usr/bin/cc       CMakeFiles/cmTryCompileExec351615542.dir/CheckSymbolExists.c.o  -o cmTryCompileExec351615542 -rdynamic 
CMakeFiles/cmTryCompileExec351615542.dir/CheckSymbolExists.c.o: In function `main':
CheckSymbolExists.c:(.text+0x16): undefined reference to `pthread_create'
collect2: error: ld returned 1 exit status
make[1]: *** [cmTryCompileExec351615542] Error 1
make[1]: Leaving directory `/home/dombozzuto/rbe3002/build/CMakeFiles/CMakeTmp'
make: *** [cmTryCompileExec351615542/fast] Error 2

File /home/dombozzuto/rbe3002/build/CMakeFiles/CMakeTmp/CheckSymbolExists.c:
/* */
#include <pthread.h>

int main(int argc, char** argv)
{
  (void)argv;
#ifndef pthread_create
  return ((int*)(&pthread_create))[argc];
#else
  (void)argc;
  return 0;
#endif
}

Determining if the function pthread_create exists in the pthreads failed with the following output:
Change Dir: /home/dombozzuto/rbe3002/build/CMakeFiles/CMakeTmp

Run Build Command:/usr/bin/make "cmTryCompileExec2051218401/fast"
/usr/bin/make -f CMakeFiles/cmTryCompileExec2051218401.dir/build.make CMakeFiles/cmTryCompileExec2051218401.dir/build
make[1]: Entering directory `/home/dombozzuto/rbe3002/build/CMakeFiles/CMakeTmp'
/usr/bin/cmake -E cmake_progress_report /home/dombozzuto/rbe3002/build/CMakeFiles/CMakeTmp/CMakeFiles 1
Building C object CMakeFiles/cmTryCompileExec2051218401.dir/CheckFunctionExists.c.o
/usr/bin/cc   -DCHECK_FUNCTION_EXISTS=pthread_create   -o CMakeFiles/cmTryCompileExec2051218401.dir/CheckFunctionExists.c.o   -c /usr/share/cmake-2.8/Modules/CheckFunctionExists.c
Linking C executable cmTryCompileExec2051218401
/usr/bin/cmake -E cmake_link_script CMakeFiles/cmTryCompileExec2051218401.dir/link.txt --verbose=1
/usr/bin/cc   -DCHECK_FUNCTION_EXISTS=pthread_create    CMakeFiles/cmTryCompileExec2051218401.dir/CheckFunctionExists.c.o  -o cmTryCompileExec2051218401 -rdynamic -lpthreads 
/usr/bin/ld: cannot find -lpthreads
collect2: error: ld returned 1 exit status
make[1]: *** [cmTryCompileExec2051218401] Error 1
make[1]: Leaving directory `/home/dombozzuto/rbe3002/build/CMakeFiles/CMakeTmp'
make: *** [cmTryCompileExec2051218401/fast] Error 2


